This is pdfTeX, Version 3.141592653-2.6-1.40.23 (TeX Live 2022/dev) (preloaded format=latex 2022.1.5)  9 JUN 2022 21:58
entering extended mode
 restricted \write18 enabled.
 file:line:error style messages enabled.
 %&-line parsing enabled.
**M13_Perimetres_aires.tex
(./M13_Perimetres_aires.tex
LaTeX2e <2021-11-15> patch level 1
L3 programming layer <2021-11-22>
./M13_Perimetres_aires.tex:1: Undefined control sequence.
l.1 \chapter
            {Périmètre et aire} \label{M13}
? 
./M13_Perimetres_aires.tex:1: Emergency stop.
l.1 \chapter
            {Périmètre et aire} \label{M13}
End of file on the terminal!

 
Here is how much of TeX's memory you used:
 16 strings out of 478354
 443 string characters out of 5848113
 295983 words of memory out of 5000000
 18244 multiletter control sequences out of 15000+600000
 403430 words of font info for 27 fonts, out of 8000000 for 9000
 1141 hyphenation exceptions out of 8191
 13i,0n,12p,97b,10s stack positions out of 5000i,500n,10000p,200000b,80000s
No pages of output.
