This is pdfTeX, Version 3.14159265-2.6-1.40.21 (TeX Live 2020) (preloaded format=latex 2020.10.10)  26 JUL 2022 16:17
entering extended mode
 restricted \write18 enabled.
 file:line:error style messages enabled.
 %&-line parsing enabled.
**Tra0_Preparer_la_lecon.tex
(./Tra0_Preparer_la_lecon.tex
LaTeX2e <2020-10-01> patch level 1
L3 programming layer <2020-10-05> xparse <2020-03-03>
./Tra0_Preparer_la_lecon.tex:1: Undefined control sequence.
l.1 \chapter
            {Quelques pistes\\pour préparer la\\leçon au concours} \label{...

? 
./Tra0_Preparer_la_lecon.tex:1: Emergency stop.
l.1 \chapter
            {Quelques pistes\\pour préparer la\\leçon au concours} \label{...
End of file on the terminal!

 
Here is how much of TeX's memory you used:
 16 strings out of 479919
 442 string characters out of 5882770
 262975 words of memory out of 5000000
 16693 multiletter control sequences out of 15000+600000
 535088 words of font info for 29 fonts, out of 8000000 for 9000
 1141 hyphenation exceptions out of 8191
 13i,0n,15p,135b,10s stack positions out of 5000i,500n,10000p,200000b,80000s
No pages of output.
