This is pdfTeX, Version 3.14159265-2.6-1.40.21 (TeX Live 2020) (preloaded format=latex 2020.10.10)  5 OCT 2021 17:57
entering extended mode
 restricted \write18 enabled.
 file:line:error style messages enabled.
 %&-line parsing enabled.
**corr-ExoBase-M1-7.tex
(./corr-ExoBase-M1-7.tex
LaTeX2e <2020-10-01> patch level 1
L3 programming layer <2020-10-05> xparse <2020-03-03>

./corr-ExoBase-M1-7.tex:1: LaTeX Error: Missing \begin{document}.

See the LaTeX manual or LaTeX Companion for explanation.
Type  H <return>  for immediate help.
 ...                                              
                                                  
l.1 \ 
      \\ [-5mm]
? 
./corr-ExoBase-M1-7.tex:1: Emergency stop.
 ...                                              
                                                  
l.1 \ 
      \\ [-5mm]
You're in trouble here.  Try typing  <return>  to proceed.
If that doesn't work, type  X <return>  to quit.

 
Here is how much of TeX's memory you used:
 17 strings out of 479919
 555 string characters out of 5882770
 262975 words of memory out of 5000000
 16693 multiletter control sequences out of 15000+600000
 535088 words of font info for 29 fonts, out of 8000000 for 9000
 1141 hyphenation exceptions out of 8191
 13i,0n,15p,64b,14s stack positions out of 5000i,500n,10000p,200000b,80000s
No pages of output.
